18-Feb-2019 10:40:56.087 정보 [main] org.apache.catalina.startup.VersionLoggerListener.log Server version:        Apache Tomcat/8.5.35
18-Feb-2019 10:40:56.087 정보 [main] org.apache.catalina.startup.VersionLoggerListener.log Server built:          Nov 3 2018 17:39:20 UTC
18-Feb-2019 10:40:56.087 정보 [main] org.apache.catalina.startup.VersionLoggerListener.log Server number:         8.5.35.0
18-Feb-2019 10:40:56.087 정보 [main] org.apache.catalina.startup.VersionLoggerListener.log OS Name:               Windows 10
18-Feb-2019 10:40:56.087 정보 [main] org.apache.catalina.startup.VersionLoggerListener.log OS Version:            10.0
18-Feb-2019 10:40:56.087 정보 [main] org.apache.catalina.startup.VersionLoggerListener.log Architecture:          amd64
18-Feb-2019 10:40:56.087 정보 [main] org.apache.catalina.startup.VersionLoggerListener.log Java Home:             C:\Program Files\Java\jre1.8.0_191
18-Feb-2019 10:40:56.087 정보 [main] org.apache.catalina.startup.VersionLoggerListener.log JVM Version:           1.8.0_191-b12
18-Feb-2019 10:40:56.087 정보 [main] org.apache.catalina.startup.VersionLoggerListener.log JVM Vendor:            Oracle Corporation
18-Feb-2019 10:40:56.102 정보 [main] org.apache.catalina.startup.VersionLoggerListener.log CATALINA_BASE:         C:\Program Files\Apache Software Foundation\Tomcat 8.5
18-Feb-2019 10:40:56.102 정보 [main] org.apache.catalina.startup.VersionLoggerListener.log CATALINA_HOME:         C:\Program Files\Apache Software Foundation\Tomcat 8.5
18-Feb-2019 10:40:56.102 정보 [main] org.apache.catalina.startup.VersionLoggerListener.log Command line argument: -Dcatalina.home=C:\Program Files\Apache Software Foundation\Tomcat 8.5
18-Feb-2019 10:40:56.102 정보 [main] org.apache.catalina.startup.VersionLoggerListener.log Command line argument: -Dcatalina.base=C:\Program Files\Apache Software Foundation\Tomcat 8.5
18-Feb-2019 10:40:56.102 정보 [main] org.apache.catalina.startup.VersionLoggerListener.log Command line argument: -Djava.io.tmpdir=C:\Program Files\Apache Software Foundation\Tomcat 8.5\temp
18-Feb-2019 10:40:56.102 정보 [main] org.apache.catalina.startup.VersionLoggerListener.log Command line argument: -Djava.util.logging.manager=org.apache.juli.ClassLoaderLogManager
18-Feb-2019 10:40:56.102 정보 [main] org.apache.catalina.startup.VersionLoggerListener.log Command line argument: -Djava.util.logging.config.file=C:\Program Files\Apache Software Foundation\Tomcat 8.5\conf\logging.properties
18-Feb-2019 10:40:56.102 정보 [main] org.apache.catalina.startup.VersionLoggerListener.log Command line argument: exit
18-Feb-2019 10:40:56.102 정보 [main] org.apache.catalina.startup.VersionLoggerListener.log Command line argument: abort
18-Feb-2019 10:40:56.102 정보 [main] org.apache.catalina.startup.VersionLoggerListener.log Command line argument: -Xms128m
18-Feb-2019 10:40:56.102 정보 [main] org.apache.catalina.startup.VersionLoggerListener.log Command line argument: -Xmx256m
18-Feb-2019 10:40:56.102 정보 [main] org.apache.catalina.core.AprLifecycleListener.lifecycleEvent The APR based Apache Tomcat Native library which allows optimal performance in production environments was not found on the java.library.path: [C:\Program Files\Apache Software Foundation\Tomcat 8.5\bin;C:\WINDOWS\Sun\Java\bin;C:\WINDOWS\system32;C:\WINDOWS;C:\Users\kosmo05-03\Anaconda;C:\Users\kosmo05-03\Anaconda\Library\mingw-w64\bin;C:\Users\kosmo05-03\Anaconda\Library\usr\bin;C:\Users\kosmo05-03\Anaconda\Library\bin;C:\Users\kosmo05-03\Anaconda\Scripts;C:\Program Files (x86)\Common Files\Oracle\Java\javapath;C:\app\kosmo05-03\product\11.1.0\db_1\bin;C:\WINDOWS\system32;C:\WINDOWS;C:\WINDOWS\System32\Wbem;C:\WINDOWS\System32\WindowsPowerShell\v1.0\;C:\WINDOWS\System32\OpenSSH\;C:\Program Files (x86)\Brackets\command;C:\WINDOWS\system32\config\systemprofile\AppData\Local\Microsoft\WindowsApps;.]
18-Feb-2019 10:40:56.227 정보 [main] org.apache.coyote.AbstractProtocol.init Initializing ProtocolHandler ["http-nio-8080"]
18-Feb-2019 10:40:56.337 정보 [main] org.apache.tomcat.util.net.NioSelectorPool.getSharedSelector Using a shared selector for servlet write/read
18-Feb-2019 10:40:56.352 정보 [main] org.apache.coyote.AbstractProtocol.init Initializing ProtocolHandler ["ajp-nio-8009"]
18-Feb-2019 10:40:56.352 정보 [main] org.apache.tomcat.util.net.NioSelectorPool.getSharedSelector Using a shared selector for servlet write/read
18-Feb-2019 10:40:56.352 정보 [main] org.apache.catalina.startup.Catalina.load Initialization processed in 567 ms
18-Feb-2019 10:40:56.384 정보 [main] org.apache.catalina.core.StandardService.startInternal Starting service [Catalina]
18-Feb-2019 10:40:56.384 정보 [main] org.apache.catalina.core.StandardEngine.startInternal Starting Servlet Engine: Apache Tomcat/8.5.35
18-Feb-2019 10:40:56.399 정보 [localhost-startStop-1] org.apache.catalina.startup.HostConfig.deployDirectory Deploying web application directory [C:\Program Files\Apache Software Foundation\Tomcat 8.5\webapps\docs]
18-Feb-2019 10:40:57.003 정보 [localhost-startStop-1] org.apache.jasper.servlet.TldScanner.scanJars At least one JAR was scanned for TLDs yet contained no TLDs. Enable debug logging for this logger for a complete list of JARs that were scanned but no TLDs were found in them. Skipping unneeded JARs during scanning can improve startup time and JSP compilation time.
18-Feb-2019 10:40:57.050 정보 [localhost-startStop-1] org.apache.catalina.startup.HostConfig.deployDirectory Deployment of web application directory [C:\Program Files\Apache Software Foundation\Tomcat 8.5\webapps\docs] has finished in [666] ms
18-Feb-2019 10:40:57.050 정보 [localhost-startStop-1] org.apache.catalina.startup.HostConfig.deployDirectory Deploying web application directory [C:\Program Files\Apache Software Foundation\Tomcat 8.5\webapps\host-manager]
18-Feb-2019 10:40:57.378 정보 [localhost-startStop-1] org.apache.jasper.servlet.TldScanner.scanJars At least one JAR was scanned for TLDs yet contained no TLDs. Enable debug logging for this logger for a complete list of JARs that were scanned but no TLDs were found in them. Skipping unneeded JARs during scanning can improve startup time and JSP compilation time.
18-Feb-2019 10:40:57.378 정보 [localhost-startStop-1] org.apache.catalina.startup.HostConfig.deployDirectory Deployment of web application directory [C:\Program Files\Apache Software Foundation\Tomcat 8.5\webapps\host-manager] has finished in [328] ms
18-Feb-2019 10:40:57.378 정보 [localhost-startStop-1] org.apache.catalina.startup.HostConfig.deployDirectory Deploying web application directory [C:\Program Files\Apache Software Foundation\Tomcat 8.5\webapps\manager]
18-Feb-2019 10:40:57.690 정보 [localhost-startStop-1] org.apache.jasper.servlet.TldScanner.scanJars At least one JAR was scanned for TLDs yet contained no TLDs. Enable debug logging for this logger for a complete list of JARs that were scanned but no TLDs were found in them. Skipping unneeded JARs during scanning can improve startup time and JSP compilation time.
18-Feb-2019 10:40:57.690 정보 [localhost-startStop-1] org.apache.catalina.startup.HostConfig.deployDirectory Deployment of web application directory [C:\Program Files\Apache Software Foundation\Tomcat 8.5\webapps\manager] has finished in [312] ms
18-Feb-2019 10:40:57.690 정보 [localhost-startStop-1] org.apache.catalina.startup.HostConfig.deployDirectory Deploying web application directory [C:\Program Files\Apache Software Foundation\Tomcat 8.5\webapps\ROOT]
18-Feb-2019 10:40:57.962 정보 [localhost-startStop-1] org.apache.jasper.servlet.TldScanner.scanJars At least one JAR was scanned for TLDs yet contained no TLDs. Enable debug logging for this logger for a complete list of JARs that were scanned but no TLDs were found in them. Skipping unneeded JARs during scanning can improve startup time and JSP compilation time.
18-Feb-2019 10:40:57.962 정보 [localhost-startStop-1] org.apache.catalina.startup.HostConfig.deployDirectory Deployment of web application directory [C:\Program Files\Apache Software Foundation\Tomcat 8.5\webapps\ROOT] has finished in [272] ms
18-Feb-2019 10:40:57.962 정보 [main] org.apache.coyote.AbstractProtocol.start Starting ProtocolHandler ["http-nio-8080"]
18-Feb-2019 10:40:57.962 정보 [main] org.apache.coyote.AbstractProtocol.start Starting ProtocolHandler ["ajp-nio-8009"]
18-Feb-2019 10:40:57.977 정보 [main] org.apache.catalina.startup.Catalina.start Server startup in 1620 ms
18-Feb-2019 10:55:09.885 정보 [Thread-6] org.apache.coyote.AbstractProtocol.pause Pausing ProtocolHandler ["http-nio-8080"]
18-Feb-2019 10:55:09.934 정보 [Thread-6] org.apache.coyote.AbstractProtocol.pause Pausing ProtocolHandler ["ajp-nio-8009"]
18-Feb-2019 10:55:09.981 정보 [Thread-6] org.apache.catalina.core.StandardService.stopInternal Stopping service [Catalina]
18-Feb-2019 10:55:10.028 정보 [Thread-6] org.apache.coyote.AbstractProtocol.stop Stopping ProtocolHandler ["http-nio-8080"]
18-Feb-2019 10:55:10.028 정보 [Thread-6] org.apache.coyote.AbstractProtocol.stop Stopping ProtocolHandler ["ajp-nio-8009"]
18-Feb-2019 11:15:54.268 정보 [main] org.apache.catalina.startup.VersionLoggerListener.log Server version:        Apache Tomcat/8.5.35
18-Feb-2019 11:15:54.268 정보 [main] org.apache.catalina.startup.VersionLoggerListener.log Server built:          Nov 3 2018 17:39:20 UTC
18-Feb-2019 11:15:54.268 정보 [main] org.apache.catalina.startup.VersionLoggerListener.log Server number:         8.5.35.0
18-Feb-2019 11:15:54.268 정보 [main] org.apache.catalina.startup.VersionLoggerListener.log OS Name:               Windows 10
18-Feb-2019 11:15:54.268 정보 [main] org.apache.catalina.startup.VersionLoggerListener.log OS Version:            10.0
18-Feb-2019 11:15:54.268 정보 [main] org.apache.catalina.startup.VersionLoggerListener.log Architecture:          amd64
18-Feb-2019 11:15:54.268 정보 [main] org.apache.catalina.startup.VersionLoggerListener.log Java Home:             C:\Program Files\Java\jre1.8.0_191
18-Feb-2019 11:15:54.268 정보 [main] org.apache.catalina.startup.VersionLoggerListener.log JVM Version:           1.8.0_191-b12
18-Feb-2019 11:15:54.268 정보 [main] org.apache.catalina.startup.VersionLoggerListener.log JVM Vendor:            Oracle Corporation
18-Feb-2019 11:15:54.268 정보 [main] org.apache.catalina.startup.VersionLoggerListener.log CATALINA_BASE:         C:\Program Files\Apache Software Foundation\Tomcat 8.5
18-Feb-2019 11:15:54.268 정보 [main] org.apache.catalina.startup.VersionLoggerListener.log CATALINA_HOME:         C:\Program Files\Apache Software Foundation\Tomcat 8.5
18-Feb-2019 11:15:54.268 정보 [main] org.apache.catalina.startup.VersionLoggerListener.log Command line argument: -Dcatalina.home=C:\Program Files\Apache Software Foundation\Tomcat 8.5
18-Feb-2019 11:15:54.268 정보 [main] org.apache.catalina.startup.VersionLoggerListener.log Command line argument: -Dcatalina.base=C:\Program Files\Apache Software Foundation\Tomcat 8.5
18-Feb-2019 11:15:54.268 정보 [main] org.apache.catalina.startup.VersionLoggerListener.log Command line argument: -Djava.io.tmpdir=C:\Program Files\Apache Software Foundation\Tomcat 8.5\temp
18-Feb-2019 11:15:54.268 정보 [main] org.apache.catalina.startup.VersionLoggerListener.log Command line argument: -Djava.util.logging.manager=org.apache.juli.ClassLoaderLogManager
18-Feb-2019 11:15:54.268 정보 [main] org.apache.catalina.startup.VersionLoggerListener.log Command line argument: -Djava.util.logging.config.file=C:\Program Files\Apache Software Foundation\Tomcat 8.5\conf\logging.properties
18-Feb-2019 11:15:54.268 정보 [main] org.apache.catalina.startup.VersionLoggerListener.log Command line argument: exit
18-Feb-2019 11:15:54.268 정보 [main] org.apache.catalina.startup.VersionLoggerListener.log Command line argument: abort
18-Feb-2019 11:15:54.268 정보 [main] org.apache.catalina.startup.VersionLoggerListener.log Command line argument: -Xms128m
18-Feb-2019 11:15:54.268 정보 [main] org.apache.catalina.startup.VersionLoggerListener.log Command line argument: -Xmx256m
18-Feb-2019 11:15:54.268 정보 [main] org.apache.catalina.core.AprLifecycleListener.lifecycleEvent The APR based Apache Tomcat Native library which allows optimal performance in production environments was not found on the java.library.path: [C:\Program Files\Apache Software Foundation\Tomcat 8.5\bin;C:\WINDOWS\Sun\Java\bin;C:\WINDOWS\system32;C:\WINDOWS;C:\Users\kosmo05-03\Anaconda;C:\Users\kosmo05-03\Anaconda\Library\mingw-w64\bin;C:\Users\kosmo05-03\Anaconda\Library\usr\bin;C:\Users\kosmo05-03\Anaconda\Library\bin;C:\Users\kosmo05-03\Anaconda\Scripts;C:\Program Files (x86)\Common Files\Oracle\Java\javapath;C:\app\kosmo05-03\product\11.1.0\db_1\bin;C:\WINDOWS\system32;C:\WINDOWS;C:\WINDOWS\System32\Wbem;C:\WINDOWS\System32\WindowsPowerShell\v1.0\;C:\WINDOWS\System32\OpenSSH\;C:\Program Files (x86)\Brackets\command;C:\WINDOWS\system32\config\systemprofile\AppData\Local\Microsoft\WindowsApps;.]
18-Feb-2019 11:15:54.377 정보 [main] org.apache.coyote.AbstractProtocol.init Initializing ProtocolHandler ["http-nio-8080"]
18-Feb-2019 11:15:54.471 정보 [main] org.apache.tomcat.util.net.NioSelectorPool.getSharedSelector Using a shared selector for servlet write/read
18-Feb-2019 11:15:54.471 정보 [main] org.apache.coyote.AbstractProtocol.init Initializing ProtocolHandler ["ajp-nio-8009"]
18-Feb-2019 11:15:54.471 정보 [main] org.apache.tomcat.util.net.NioSelectorPool.getSharedSelector Using a shared selector for servlet write/read
18-Feb-2019 11:15:54.471 정보 [main] org.apache.catalina.startup.Catalina.load Initialization processed in 504 ms
18-Feb-2019 11:15:54.487 정보 [main] org.apache.catalina.core.StandardService.startInternal Starting service [Catalina]
18-Feb-2019 11:15:54.487 정보 [main] org.apache.catalina.core.StandardEngine.startInternal Starting Servlet Engine: Apache Tomcat/8.5.35
18-Feb-2019 11:15:54.502 정보 [localhost-startStop-1] org.apache.catalina.startup.HostConfig.deployWAR Deploying web application archive [C:\Program Files\Apache Software Foundation\Tomcat 8.5\webapps\dev_jsp.war]
18-Feb-2019 11:15:59.534 정보 [localhost-startStop-1] org.apache.jasper.servlet.TldScanner.scanJars At least one JAR was scanned for TLDs yet contained no TLDs. Enable debug logging for this logger for a complete list of JARs that were scanned but no TLDs were found in them. Skipping unneeded JARs during scanning can improve startup time and JSP compilation time.
18-Feb-2019 11:15:59.566 정보 [localhost-startStop-1] org.apache.catalina.startup.HostConfig.deployWAR Deployment of web application archive [C:\Program Files\Apache Software Foundation\Tomcat 8.5\webapps\dev_jsp.war] has finished in [5,064] ms
18-Feb-2019 11:15:59.566 정보 [localhost-startStop-1] org.apache.catalina.startup.HostConfig.deployDirectory Deploying web application directory [C:\Program Files\Apache Software Foundation\Tomcat 8.5\webapps\docs]
18-Feb-2019 11:15:59.816 정보 [localhost-startStop-1] org.apache.jasper.servlet.TldScanner.scanJars At least one JAR was scanned for TLDs yet contained no TLDs. Enable debug logging for this logger for a complete list of JARs that were scanned but no TLDs were found in them. Skipping unneeded JARs during scanning can improve startup time and JSP compilation time.
18-Feb-2019 11:15:59.816 정보 [localhost-startStop-1] org.apache.catalina.startup.HostConfig.deployDirectory Deployment of web application directory [C:\Program Files\Apache Software Foundation\Tomcat 8.5\webapps\docs] has finished in [250] ms
18-Feb-2019 11:15:59.816 정보 [localhost-startStop-1] org.apache.catalina.startup.HostConfig.deployDirectory Deploying web application directory [C:\Program Files\Apache Software Foundation\Tomcat 8.5\webapps\host-manager]
18-Feb-2019 11:16:00.097 정보 [localhost-startStop-1] org.apache.jasper.servlet.TldScanner.scanJars At least one JAR was scanned for TLDs yet contained no TLDs. Enable debug logging for this logger for a complete list of JARs that were scanned but no TLDs were found in them. Skipping unneeded JARs during scanning can improve startup time and JSP compilation time.
18-Feb-2019 11:16:00.112 정보 [localhost-startStop-1] org.apache.catalina.startup.HostConfig.deployDirectory Deployment of web application directory [C:\Program Files\Apache Software Foundation\Tomcat 8.5\webapps\host-manager] has finished in [296] ms
18-Feb-2019 11:16:00.112 정보 [localhost-startStop-1] org.apache.catalina.startup.HostConfig.deployDirectory Deploying web application directory [C:\Program Files\Apache Software Foundation\Tomcat 8.5\webapps\manager]
18-Feb-2019 11:16:00.362 정보 [localhost-startStop-1] org.apache.jasper.servlet.TldScanner.scanJars At least one JAR was scanned for TLDs yet contained no TLDs. Enable debug logging for this logger for a complete list of JARs that were scanned but no TLDs were found in them. Skipping unneeded JARs during scanning can improve startup time and JSP compilation time.
18-Feb-2019 11:16:00.362 정보 [localhost-startStop-1] org.apache.catalina.startup.HostConfig.deployDirectory Deployment of web application directory [C:\Program Files\Apache Software Foundation\Tomcat 8.5\webapps\manager] has finished in [250] ms
18-Feb-2019 11:16:00.362 정보 [localhost-startStop-1] org.apache.catalina.startup.HostConfig.deployDirectory Deploying web application directory [C:\Program Files\Apache Software Foundation\Tomcat 8.5\webapps\ROOT]
18-Feb-2019 11:16:00.603 정보 [localhost-startStop-1] org.apache.jasper.servlet.TldScanner.scanJars At least one JAR was scanned for TLDs yet contained no TLDs. Enable debug logging for this logger for a complete list of JARs that were scanned but no TLDs were found in them. Skipping unneeded JARs during scanning can improve startup time and JSP compilation time.
18-Feb-2019 11:16:00.603 정보 [localhost-startStop-1] org.apache.catalina.startup.HostConfig.deployDirectory Deployment of web application directory [C:\Program Files\Apache Software Foundation\Tomcat 8.5\webapps\ROOT] has finished in [241] ms
18-Feb-2019 11:16:00.619 정보 [main] org.apache.coyote.AbstractProtocol.start Starting ProtocolHandler ["http-nio-8080"]
18-Feb-2019 11:16:00.619 정보 [main] org.apache.coyote.AbstractProtocol.start Starting ProtocolHandler ["ajp-nio-8009"]
18-Feb-2019 11:16:00.619 정보 [main] org.apache.catalina.startup.Catalina.start Server startup in 6143 ms
18-Feb-2019 15:37:24.779 정보 [Thread-6] org.apache.coyote.AbstractProtocol.pause Pausing ProtocolHandler ["http-nio-8080"]
18-Feb-2019 15:37:24.852 정보 [Thread-6] org.apache.coyote.AbstractProtocol.pause Pausing ProtocolHandler ["ajp-nio-8009"]
18-Feb-2019 15:37:24.883 정보 [Thread-6] org.apache.catalina.core.StandardService.stopInternal Stopping service [Catalina]
18-Feb-2019 15:37:24.930 정보 [Thread-6] org.apache.coyote.AbstractProtocol.stop Stopping ProtocolHandler ["http-nio-8080"]
18-Feb-2019 15:37:24.930 정보 [Thread-6] org.apache.coyote.AbstractProtocol.stop Stopping ProtocolHandler ["ajp-nio-8009"]
