
2019-01-28 09:45:02 Commons Daemon procrun stderr initialized
28-Jan-2019 09:45:04.321 정보 [main] org.apache.catalina.startup.VersionLoggerListener.log Server version:        Apache Tomcat/8.5.35
28-Jan-2019 09:45:04.337 정보 [main] org.apache.catalina.startup.VersionLoggerListener.log Server built:          Nov 3 2018 17:39:20 UTC
28-Jan-2019 09:45:04.337 정보 [main] org.apache.catalina.startup.VersionLoggerListener.log Server number:         8.5.35.0
28-Jan-2019 09:45:04.337 정보 [main] org.apache.catalina.startup.VersionLoggerListener.log OS Name:               Windows 10
28-Jan-2019 09:45:04.337 정보 [main] org.apache.catalina.startup.VersionLoggerListener.log OS Version:            10.0
28-Jan-2019 09:45:04.337 정보 [main] org.apache.catalina.startup.VersionLoggerListener.log Architecture:          amd64
28-Jan-2019 09:45:04.337 정보 [main] org.apache.catalina.startup.VersionLoggerListener.log Java Home:             C:\Program Files\Java\jre1.8.0_191
28-Jan-2019 09:45:04.337 정보 [main] org.apache.catalina.startup.VersionLoggerListener.log JVM Version:           1.8.0_191-b12
28-Jan-2019 09:45:04.337 정보 [main] org.apache.catalina.startup.VersionLoggerListener.log JVM Vendor:            Oracle Corporation
28-Jan-2019 09:45:04.337 정보 [main] org.apache.catalina.startup.VersionLoggerListener.log CATALINA_BASE:         C:\Program Files\Apache Software Foundation\Tomcat 8.5
28-Jan-2019 09:45:04.337 정보 [main] org.apache.catalina.startup.VersionLoggerListener.log CATALINA_HOME:         C:\Program Files\Apache Software Foundation\Tomcat 8.5
28-Jan-2019 09:45:04.337 정보 [main] org.apache.catalina.startup.VersionLoggerListener.log Command line argument: -Dcatalina.home=C:\Program Files\Apache Software Foundation\Tomcat 8.5
28-Jan-2019 09:45:04.337 정보 [main] org.apache.catalina.startup.VersionLoggerListener.log Command line argument: -Dcatalina.base=C:\Program Files\Apache Software Foundation\Tomcat 8.5
28-Jan-2019 09:45:04.337 정보 [main] org.apache.catalina.startup.VersionLoggerListener.log Command line argument: -Djava.io.tmpdir=C:\Program Files\Apache Software Foundation\Tomcat 8.5\temp
28-Jan-2019 09:45:04.337 정보 [main] org.apache.catalina.startup.VersionLoggerListener.log Command line argument: -Djava.util.logging.manager=org.apache.juli.ClassLoaderLogManager
28-Jan-2019 09:45:04.337 정보 [main] org.apache.catalina.startup.VersionLoggerListener.log Command line argument: -Djava.util.logging.config.file=C:\Program Files\Apache Software Foundation\Tomcat 8.5\conf\logging.properties
28-Jan-2019 09:45:04.337 정보 [main] org.apache.catalina.startup.VersionLoggerListener.log Command line argument: exit
28-Jan-2019 09:45:04.337 정보 [main] org.apache.catalina.startup.VersionLoggerListener.log Command line argument: abort
28-Jan-2019 09:45:04.337 정보 [main] org.apache.catalina.startup.VersionLoggerListener.log Command line argument: -Xms128m
28-Jan-2019 09:45:04.337 정보 [main] org.apache.catalina.startup.VersionLoggerListener.log Command line argument: -Xmx256m
28-Jan-2019 09:45:04.337 정보 [main] org.apache.catalina.core.AprLifecycleListener.lifecycleEvent The APR based Apache Tomcat Native library which allows optimal performance in production environments was not found on the java.library.path: [C:\Program Files\Apache Software Foundation\Tomcat 8.5\bin;C:\WINDOWS\Sun\Java\bin;C:\WINDOWS\system32;C:\WINDOWS;C:\Users\kosmo05-03\Anaconda;C:\Users\kosmo05-03\Anaconda\Library\mingw-w64\bin;C:\Users\kosmo05-03\Anaconda\Library\usr\bin;C:\Users\kosmo05-03\Anaconda\Library\bin;C:\Users\kosmo05-03\Anaconda\Scripts;C:\Program Files (x86)\Common Files\Oracle\Java\javapath;C:\app\kosmo05-03\product\11.1.0\db_1\bin;C:\WINDOWS\system32;C:\WINDOWS;C:\WINDOWS\System32\Wbem;C:\WINDOWS\System32\WindowsPowerShell\v1.0\;C:\WINDOWS\System32\OpenSSH\;C:\Program Files (x86)\Brackets\command;C:\WINDOWS\system32\config\systemprofile\AppData\Local\Microsoft\WindowsApps;.]
28-Jan-2019 09:45:04.743 정보 [main] org.apache.coyote.AbstractProtocol.init Initializing ProtocolHandler ["http-nio-8080"]
28-Jan-2019 09:45:04.836 정보 [main] org.apache.tomcat.util.net.NioSelectorPool.getSharedSelector Using a shared selector for servlet write/read
28-Jan-2019 09:45:04.852 정보 [main] org.apache.coyote.AbstractProtocol.init Initializing ProtocolHandler ["ajp-nio-8009"]
28-Jan-2019 09:45:04.852 정보 [main] org.apache.tomcat.util.net.NioSelectorPool.getSharedSelector Using a shared selector for servlet write/read
28-Jan-2019 09:45:04.852 정보 [main] org.apache.catalina.startup.Catalina.load Initialization processed in 836 ms
28-Jan-2019 09:45:04.883 정보 [main] org.apache.catalina.core.StandardService.startInternal Starting service [Catalina]
28-Jan-2019 09:45:04.883 정보 [main] org.apache.catalina.core.StandardEngine.startInternal Starting Servlet Engine: Apache Tomcat/8.5.35
28-Jan-2019 09:45:04.883 정보 [localhost-startStop-1] org.apache.catalina.startup.HostConfig.deployDirectory Deploying web application directory [C:\Program Files\Apache Software Foundation\Tomcat 8.5\webapps\docs]
28-Jan-2019 09:45:05.149 정보 [localhost-startStop-1] org.apache.catalina.startup.HostConfig.deployDirectory Deployment of web application directory [C:\Program Files\Apache Software Foundation\Tomcat 8.5\webapps\docs] has finished in [266] ms
28-Jan-2019 09:45:05.149 정보 [localhost-startStop-1] org.apache.catalina.startup.HostConfig.deployDirectory Deploying web application directory [C:\Program Files\Apache Software Foundation\Tomcat 8.5\webapps\host-manager]
28-Jan-2019 09:45:05.180 정보 [localhost-startStop-1] org.apache.catalina.startup.HostConfig.deployDirectory Deployment of web application directory [C:\Program Files\Apache Software Foundation\Tomcat 8.5\webapps\host-manager] has finished in [31] ms
28-Jan-2019 09:45:05.180 정보 [localhost-startStop-1] org.apache.catalina.startup.HostConfig.deployDirectory Deploying web application directory [C:\Program Files\Apache Software Foundation\Tomcat 8.5\webapps\manager]
28-Jan-2019 09:45:05.211 정보 [localhost-startStop-1] org.apache.catalina.startup.HostConfig.deployDirectory Deployment of web application directory [C:\Program Files\Apache Software Foundation\Tomcat 8.5\webapps\manager] has finished in [31] ms
28-Jan-2019 09:45:05.211 정보 [localhost-startStop-1] org.apache.catalina.startup.HostConfig.deployDirectory Deploying web application directory [C:\Program Files\Apache Software Foundation\Tomcat 8.5\webapps\ROOT]
28-Jan-2019 09:45:05.227 정보 [localhost-startStop-1] org.apache.catalina.startup.HostConfig.deployDirectory Deployment of web application directory [C:\Program Files\Apache Software Foundation\Tomcat 8.5\webapps\ROOT] has finished in [16] ms
28-Jan-2019 09:45:05.227 정보 [main] org.apache.coyote.AbstractProtocol.start Starting ProtocolHandler ["http-nio-8080"]
28-Jan-2019 09:45:05.243 정보 [main] org.apache.coyote.AbstractProtocol.start Starting ProtocolHandler ["ajp-nio-8009"]
28-Jan-2019 09:45:05.243 정보 [main] org.apache.catalina.startup.Catalina.start Server startup in 386 ms
28-Jan-2019 10:34:12.598 정보 [Thread-6] org.apache.coyote.AbstractProtocol.pause Pausing ProtocolHandler ["http-nio-8080"]
28-Jan-2019 10:34:12.678 정보 [Thread-6] org.apache.coyote.AbstractProtocol.pause Pausing ProtocolHandler ["ajp-nio-8009"]
28-Jan-2019 10:34:12.709 정보 [Thread-6] org.apache.catalina.core.StandardService.stopInternal Stopping service [Catalina]
28-Jan-2019 10:34:12.709 정보 [Thread-6] org.apache.coyote.AbstractProtocol.stop Stopping ProtocolHandler ["http-nio-8080"]
28-Jan-2019 10:34:12.709 정보 [Thread-6] org.apache.coyote.AbstractProtocol.stop Stopping ProtocolHandler ["ajp-nio-8009"]
